1710169535705	geckodriver	INFO	Listening on 127.0.0.1:57161
1710169538755	mozrunner::runner	INFO	Running command: "C:\\Program Files\\Mozilla Firefox\\firefox.exe" "--marionette" "--remote-debugging-port" "57162" "--remote-allow-hosts" "localhost" "-no-remote" "-profile" "C:\\Users\\DIEGO~1.GUI\\AppData\\Local\\Temp\\rust_mozprofilemmH33s"
console.warn: services.settings: Ignoring preference override of remote settings server
console.warn: services.settings: Allow by setting MOZ_REMOTE_SETTINGS_DEVTOOLS=1 in the environment
1710169539066	Marionette	INFO	Marionette enabled
Dynamically enable window occlusion 0
1710169539180	Marionette	INFO	Listening on port 57169
WebDriver BiDi listening on ws://127.0.0.1:57162
Read port: 57169
1710169539377	RemoteAgent	WARN	TLS certificate errors will be ignored for this session
DevTools listening on ws://127.0.0.1:57162/devtools/browser/8caba56d-3e63-497d-8a03-dd8ce35b8874
JavaScript warning: https://contrataciondelestado.es/wps/portal/licitaciones, line 1487: unreachable code after return statement
console.warn: LoginRecipes: "Falling back to a synchronous message for: https://contrataciondelestado.es."
JavaScript warning: https://contrataciondelestado.es/wps/portal/!ut/p/b1/04_SjzQ0MbM0NbIwNjLSj9CPykssy0xPLMnMz0vMAfGjzOJNXP2dnd08jAwsgo1dDIx8XEJDzTyAXHdToIJIfAqMiNNvauxsEuYVFmAW7OluYODp4ebiE2poCtRuRpx-AxzA0YCQ_nD9KPxKjKAK8DkRrACPG_w88nNT9XOjctzcLD2zTBwVFQHK9Y1j/dl4/d5/L2dBISEvZ0FBIS9nQSEh/pw/Z7_AVEQAI930OBRD02JPMTPG21004/act/id=0/p=javax.servlet.include.path_info=QCPjspQCPbusquedaQCPMainBusqueda.jsp/571421152902/-/, line 1879: unreachable code after return statement
JavaScript warning: https://contrataciondelestado.es/wps/portal/!ut/p/b1/04_SjzQ0MbM0NbIwNjLSj9CPykssy0xPLMnMz0vMAfGjzOJNXP2dnd08jAwsgo1dDIx8XEJDzTyAXHdToIJIfAqMiNNvauxsEuYVFmAW7OluYODp4ebiE2poCtRuRpx-AxzA0YCQ_nD9KPxKjKAK8DkRrACPG_w88nNT9XOjctzcLD2zTBwVFQHK9Y1j/dl4/d5/L2dBISEvZ0FBIS9nQSEh/pw/Z7_AVEQAI930OBRD02JPMTPG21004/act/id=0/p=javax.servlet.include.path_info=QCPjspQCPbusquedaQCPMainBusqueda.jsp/571421152902/-/, line 1995: unreachable code after return statement
console.warn: LoginRecipes: "Falling back to a synchronous message for: https://contrataciondelestado.es."
JavaScript warning: https://contrataciondelestado.es/wps/portal/!ut/p/b1/jY5JDoJAFETP4gn-pydhydQMQUERtHtDWBiDYdgYz29r3NpSu0reSxVoUA4THicuJQQuoOf-Odz6x7DM_fjuWnQsLsNQpgTdmkZIiqhpRGpqwg2gbABZ53MasjZvK1FnCWKWyqhoHG50sc7HH_Hxn38GbUfIF7Bd_ACWD_t0ma6gDLbt_DY--JlHsQyOZiivdqcqIQ4igxOoACY9Sulld9b7mxfmjHi9/dl4/d5/L2dBISEvZ0FBIS9nQSEh/pw/Z7_AVEQAI930OBRD02JPMTPG21004/act/id=0/p=javax.servlet.include.path_info=QCPjspQCPbusquedaQCPFormularioBusqueda.jsp/571421153503/-/, line 1866: unreachable code after return statement
JavaScript warning: https://contrataciondelestado.es/wps/portal/!ut/p/b1/jY5JDoJAFETP4gn-pydhydQMQUERtHtDWBiDYdgYz29r3NpSu0reSxVoUA4THicuJQQuoOf-Odz6x7DM_fjuWnQsLsNQpgTdmkZIiqhpRGpqwg2gbABZ53MasjZvK1FnCWKWyqhoHG50sc7HH_Hxn38GbUfIF7Bd_ACWD_t0ma6gDLbt_DY--JlHsQyOZiivdqcqIQ4igxOoACY9Sulld9b7mxfmjHi9/dl4/d5/L2dBISEvZ0FBIS9nQSEh/pw/Z7_AVEQAI930OBRD02JPMTPG21004/act/id=0/p=javax.servlet.include.path_info=QCPjspQCPbusquedaQCPFormularioBusqueda.jsp/571421153503/-/, line 1980: unreachable code after return statement
console.warn: LoginRecipes: "Falling back to a synchronous message for: https://contrataciondelestado.es."
JavaScript warning: https://contrataciondelestado.es/wps/portal/!ut/p/b1/jY7LDoIwFES_xS-4l9JWWCKvlqCgPJRuSBfGYHhsjN9vNW6tzG6SczIDCjqHcp8RzyUELqBm_Rxu-jEssx7fXfGexkUYJoKgV7kRkjxqGi5MTZkBOhtA1vnMDWmbtSWvZIooRRLljcOMztf5-CMB_vPPoOwI-QK2ix_A8uEglukKncG2fdDGx0D6Lha7kxnKyn1dpsRBpFBDF8KkxiTx5Z3qYPMCkG13IA!!/dl4/d5/L2dBISEvZ0FBIS9nQSEh/pw/Z7_AVEQAI930OBRD02JPMTPG21004/act/id=0/p=javax.servlet.include.path_info=QCPjspQCPbusquedaQCPBusquedaVIS_UOE.jsp/571421154782/-/, line 1866: unreachable code after return statement
JavaScript warning: https://contrataciondelestado.es/wps/portal/!ut/p/b1/jY7LDoIwFES_xS-4l9JWWCKvlqCgPJRuSBfGYHhsjN9vNW6tzG6SczIDCjqHcp8RzyUELqBm_Rxu-jEssx7fXfGexkUYJoKgV7kRkjxqGi5MTZkBOhtA1vnMDWmbtSWvZIooRRLljcOMztf5-CMB_vPPoOwI-QK2ix_A8uEglukKncG2fdDGx0D6Lha7kxnKyn1dpsRBpFBDF8KkxiTx5Z3qYPMCkG13IA!!/dl4/d5/L2dBISEvZ0FBIS9nQSEh/pw/Z7_AVEQAI930OBRD02JPMTPG21004/act/id=0/p=javax.servlet.include.path_info=QCPjspQCPbusquedaQCPBusquedaVIS_UOE.jsp/571421154782/-/, line 1980: unreachable code after return statement
console.warn: LoginRecipes: "Falling back to a synchronous message for: https://contrataciondelestado.es."
JavaScript warning: https://contrataciondelestado.es/wps/portal/!ut/p/b1/jY5JDoJAFETP4gn-pydhiTRjUFAG7d4QFsZgGDbG89sat7bUrpL3UgUalMOEx4lLCYEL6Ll_Drf-MSxzP767Fh0LiyCIEoJuRSWSXDaNSEyNuQGUDSDrfE4D1mZtKao0RkyTSOaNw40u1vn4Iz7-88-g7Qj5AraLH8Dy4ZAs0xWUwbad34ZHP_UoFruTGcrKfV3GxEFkUIOSMOkxirz0znp_8wJQx7pF/dl4/d5/L2dBISEvZ0FBIS9nQSEh/pw/Z7_AVEQAI930OBRD02JPMTPG21004/act/id=0/p=javax.servlet.include.path_info=QCPjspQCPbusquedaQCPBusquedaVIS_UOE.jsp/571421155367/-/, line 1866: unreachable code after return statement
JavaScript warning: https://contrataciondelestado.es/wps/portal/!ut/p/b1/jY5JDoJAFETP4gn-pydhiTRjUFAG7d4QFsZgGDbG89sat7bUrpL3UgUalMOEx4lLCYEL6Ll_Drf-MSxzP767Fh0LiyCIEoJuRSWSXDaNSEyNuQGUDSDrfE4D1mZtKao0RkyTSOaNw40u1vn4Iz7-88-g7Qj5AraLH8Dy4ZAs0xWUwbad34ZHP_UoFruTGcrKfV3GxEFkUIOSMOkxirz0znp_8wJQx7pF/dl4/d5/L2dBISEvZ0FBIS9nQSEh/pw/Z7_AVEQAI930OBRD02JPMTPG21004/act/id=0/p=javax.servlet.include.path_info=QCPjspQCPbusquedaQCPBusquedaVIS_UOE.jsp/571421155367/-/, line 1980: unreachable code after return statement
console.warn: LoginRecipes: "Falling back to a synchronous message for: https://contrataciondelestado.es."
JavaScript warning: https://contrataciondelestado.es/wps/portal/!ut/p/b1/jY7LDoIwFES_xS-4l7ZUWCKvlqCgPJRuSBfGYHhsjN9vNW6tzG6SczIDCjqHcd8lHiUELqBm_Rxu-jEssx7fXfGexUUYJoKgV9EISR41DRempq4BOhtA1vkuDVmbtSWvZIooRRLljeMana_z8UcC_OefQdkR8gVsFz-A5cNBLNMVOoNt-6CNj4H0KRa7kxnKyn1dpsRBZFBDF8OkxiTx5Z3pYPMCJia12A!!/dl4/d5/L2dBISEvZ0FBIS9nQSEh/pw/Z7_AVEQAI930OBRD02JPMTPG21004/act/id=0/p=javax.servlet.include.path_info=QCPjspQCPbusquedaQCPBusquedaVIS_UOE.jsp/571421157709/-/, line 1866: unreachable code after return statement
JavaScript warning: https://contrataciondelestado.es/wps/portal/!ut/p/b1/jY7LDoIwFES_xS-4l7ZUWCKvlqCgPJRuSBfGYHhsjN9vNW6tzG6SczIDCjqHcd8lHiUELqBm_Rxu-jEssx7fXfGexUUYJoKgV9EISR41DRempq4BOhtA1vkuDVmbtSWvZIooRRLljeMana_z8UcC_OefQdkR8gVsFz-A5cNBLNMVOoNt-6CNj4H0KRa7kxnKyn1dpsRBZFBDF8OkxiTx5Z3pYPMCJia12A!!/dl4/d5/L2dBISEvZ0FBIS9nQSEh/pw/Z7_AVEQAI930OBRD02JPMTPG21004/act/id=0/p=javax.servlet.include.path_info=QCPjspQCPbusquedaQCPBusquedaVIS_UOE.jsp/571421157709/-/, line 1980: unreachable code after return statement
1710169569722	addons.xpi	ERROR	System addon update list error SyntaxError: XMLHttpRequest.open: 'http://%(server)s/dummy-system-addons.xml' is not a valid URL.
A content process crashed and MOZ_CRASHREPORTER_SHUTDOWN is set, shutting down
1710169810675	Marionette	INFO	Stopped listening on port 57169
Dynamically enable window occlusion 1
A content process crashed and MOZ_CRASHREPORTER_SHUTDOWN is set, shutting down
-profile" "C:\\Users\\DIEGO~1.GUI\\AppData\\Local\\Temp\\rust_mozprofilehFO3DK"
console.warn: services.settings: Ignoring preference override of remote settings server
console.warn: services.settings: Allow by setting MOZ_REMOTE_SETTINGS_DEVTOOLS=1 in the environment
1710169782722	Marionette	INFO	Marionette enabled
Dynamically enable window occlusion 0
1710169782824	Marionette	INFO	Listening on port 57350
WebDriver BiDi listening on ws://127.0.0.1:57342
Read port: 57350
1710169782984	RemoteAgent	WARN	TLS certificate errors will be ignored for this session
DevTools listening on ws://127.0.0.1:57342/devtools/browser/374f77d5-c319-4364-8852-2064244b3c68
JavaScript warning: https://contrataciondelestado.es/wps/portal/licitaciones, line 1487: unreachable code after return statement
console.warn: LoginRecipes: "Falling back to a synchronous message for: https://contrataciondelestado.es."
JavaScript warning: https://contrataciondelestado.es/wps/portal/!ut/p/b1/04_Sj9Q1tDAGQgsDC2P9CP2ovMSyzPTEksz8vMQcED_KLN7E1d_Z2c3DyMAi2NjFwMjHJTTUzAPIdTcFKojEp8CIOP2mxs4mYV5hAWbBnu4GBp4ebi4-oYamQO1mxOk3wAEcDQjpD9ePwq_ECKoAnxPBCvC4wc8jPzdVPzcqx83N0jPLxFFREQBKhuZO/dl4/d5/L2dBISEvZ0FBIS9nQSEh/pw/Z7_AVEQAI930OBRD02JPMTPG21004/act/id=0/p=javax.servlet.include.path_info=QCPjspQCPbusquedaQCPMainBusqueda.jsp/571421395728/-/, line 1879: unreachable code after return statement
JavaScript warning: https://contrataciondelestado.es/wps/portal/!ut/p/b1/04_Sj9Q1tDAGQgsDC2P9CP2ovMSyzPTEksz8vMQcED_KLN7E1d_Z2c3DyMAi2NjFwMjHJTTUzAPIdTcFKojEp8CIOP2mxs4mYV5hAWbBnu4GBp4ebi4-oYamQO1mxOk3wAEcDQjpD9ePwq_ECKoAnxPBCvC4wc8jPzdVPzcqx83N0jPLxFFREQBKhuZO/dl4/d5/L2dBISEvZ0FBIS9nQSEh/pw/Z7_AVEQAI930OBRD02JPMTPG21004/act/id=0/p=javax.servlet.include.path_info=QCPjspQCPbusquedaQCPMainBusqueda.jsp/571421395728/-/, line 1995: unreachable code after return statement
console.warn: LoginRecipes: "Falling back to a synchronous message for: https://contrataciondelestado.es."
JavaScript warning: https://contrataciondelestado.es/wps/portal/!ut/p/b1/jY7LDoIwEEW_xQ8wM7QFy5J3ISgoD203hIUxGB4b4_dbjVsrc1c3OSdzQYHcWpzqcOQULqDm_jnc-sewzP347srpWFQEQSwI8oqGSPKwaRyha2JrQJoAss63acDarC2dKk0QUxGHeWPZWnfW-fjjPPznn0GZEfIFTBM_gGHDQSzTFaTGdp3XRkcvdSkW_kk_ysp9XSbEQmRQg_RhUmMcu-md9d7mBXlK_JM!/dl4/d5/L2dBISEvZ0FBIS9nQSEh/pw/Z7_AVEQAI930OBRD02JPMTPG21004/act/id=0/p=javax.servlet.include.path_info=QCPjspQCPbusquedaQCPFormularioBusqueda.jsp/571421396220/-/, line 1866: unreachable code after return statement
JavaScript warning: https://contrataciondelestado.es/wps/portal/!ut/p/b1/jY7LDoIwEEW_xQ8wM7QFy5J3ISgoD203hIUxGB4b4_dbjVsrc1c3OSdzQYHcWpzqcOQULqDm_jnc-sewzP347srpWFQEQSwI8oqGSPKwaRyha2JrQJoAss63acDarC2dKk0QUxGHeWPZWnfW-fjjPPznn0GZEfIFTBM_gGHDQSzTFaTGdp3XRkcvdSkW_kk_ysp9XSbEQmRQg_RhUmMcu-md9d7mBXlK_JM!/dl4/d5/L2dBISEvZ0FBIS9nQSEh/pw/Z7_AVEQAI930OBRD02JPMTPG21004/act/id=0/p=javax.servlet.include.path_info=QCPjspQCPbusquedaQCPFormularioBusqueda.jsp/571421396220/-/, line 1980: unreachable code after return statement
console.warn: LoginRecipes: "Falling back to a synchronous message for: https://contrataciondelestado.es."
JavaScript warning: https://contrataciondelestado.es/wps/portal/!ut/p/b1/jY7LDoIwEEW_xQ8wM7RQYVkL5REUVEDphnRhDIbHxvj9VuPWytzVTc7JXFDQrh2fmvjoU7iAmvSzv-lHP096eHfFOjcqhJAJQf9EQyR5WNcsMTX2DNDaALLM96hwm6wp2SmNEdNEhnnteEZny3z8cRz_-WdQdoR8AdvED2DZsE_m8QqtwTYdb6IDTwOKxfZoHmXlripj4iC6UEErYFSDlEF6dzVfvQAPq_MO/dl4/d5/L2dBISEvZ0FBIS9nQSEh/pw/Z7_AVEQAI930OBRD02JPMTPG21004/act/id=0/p=javax.servlet.include.path_info=QCPjspQCPbusquedaQCPBusquedaVIS_UOE.jsp/571421397479/-/, line 1866: unreachable code after return statement
JavaScript warning: https://contrataciondelestado.es/wps/portal/!ut/p/b1/jY7LDoIwEEW_xQ8wM7RQYVkL5REUVEDphnRhDIbHxvj9VuPWytzVTc7JXFDQrh2fmvjoU7iAmvSzv-lHP096eHfFOjcqhJAJQf9EQyR5WNcsMTX2DNDaALLM96hwm6wp2SmNEdNEhnnteEZny3z8cRz_-WdQdoR8AdvED2DZsE_m8QqtwTYdb6IDTwOKxfZoHmXlripj4iC6UEErYFSDlEF6dzVfvQAPq_MO/dl4/d5/L2dBISEvZ0FBIS9nQSEh/pw/Z7_AVEQAI930OBRD02JPMTPG21004/act/id=0/p=javax.servlet.include.path_info=QCPjspQCPbusquedaQCPBusquedaVIS_UOE.jsp/571421397479/-/, line 1980: unreachable code after return statement
console.warn: LoginRecipes: "Falling back to a synchronous message for: https://contrataciondelestado.es."
JavaScript warning: https://contrataciondelestado.es/wps/portal/!ut/p/b1/jY7LDoIwEEW_xQ8wM7SAZVmB8ggKKqDthnRhDIbHxvj9VuPWytzVTc7JXFAg1w6jJgwZhQuoST_7m37086SHd1d-58ZlGIqUIDvRCEkRNY2fmpp4BpA2gCzzPRq6bd5W_ilLELNUREXjeEb3l_n44zj-88-g7Aj5AraJH8CyYZ_O4xWkwTYdb-MDzwKK5fZoHuXVrq4S4iC6UIOMYFSDEEF2dzVfvQDPAT5r/dl4/d5/L2dBISEvZ0FBIS9nQSEh/pw/Z7_AVEQAI930OBRD02JPMTPG21004/act/id=0/p=javax.servlet.include.path_info=QCPjspQCPbusquedaQCPBusquedaVIS_UOE.jsp/571421398063/-/, line 1866: unreachable code after return statement
JavaScript warning: https://contrataciondelestado.es/wps/portal/!ut/p/b1/jY7LDoIwEEW_xQ8wM7SAZVmB8ggKKqDthnRhDIbHxvj9VuPWytzVTc7JXFAg1w6jJgwZhQuoST_7m37086SHd1d-58ZlGIqUIDvRCEkRNY2fmpp4BpA2gCzzPRq6bd5W_ilLELNUREXjeEb3l_n44zj-88-g7Aj5AraJH8CyYZ_O4xWkwTYdb-MDzwKK5fZoHuXVrq4S4iC6UIOMYFSDEEF2dzVfvQDPAT5r/dl4/d5/L2dBISEvZ0FBIS9nQSEh/pw/Z7_AVEQAI930OBRD02JPMTPG21004/act/id=0/p=javax.servlet.include.path_info=QCPjspQCPbusquedaQCPBusquedaVIS_UOE.jsp/571421398063/-/, line 1980: unreachable code after return statement
console.warn: LoginRecipes: "Falling back to a synchronous message for: https://contrataciondelestado.es."
JavaScript warning: https://contrataciondelestado.es/wps/portal/!ut/p/b1/jY7LDoIwEEW_xQ8wM7SlwrICpRAUVEDbDWFhDIbHxvj9VuNWZO7qJudkLhjQa8ejNh56FC5gxvbZ3dpHN41t_-6GNyzKg0Aqgt6JhkiysKq4sjV2LaDnALLMd2nA6rQu-CmJERMlw6xyXKvzZT7-OIH__DOYeYR8gbmJH2Bmw15NwxW0xTaNqKODSHyK-fZoH6XFrixi4iAyKEFHMJheSj-5s1asXrngMfY!/dl4/d5/L2dBISEvZ0FBIS9nQSEh/pw/Z7_AVEQAI930OBRD02JPMTPG21004/act/id=0/p=javax.servlet.include.path_info=QCPjspQCPbusquedaQCPBusquedaVIS_UOE.jsp/571421400262/-/, line 1866: unreachable code after return statement
JavaScript warning: https://contrataciondelestado.es/wps/portal/!ut/p/b1/jY7LDoIwEEW_xQ8wM7SlwrICpRAUVEDbDWFhDIbHxvj9VuNWZO7qJudkLhjQa8ejNh56FC5gxvbZ3dpHN41t_-6GNyzKg0Aqgt6JhkiysKq4sjV2LaDnALLMd2nA6rQu-CmJERMlw6xyXKvzZT7-OIH__DOYeYR8gbmJH2Bmw15NwxW0xTaNqKODSHyK-fZoH6XFrixi4iAyKEFHMJheSj-5s1asXrngMfY!/dl4/d5/L2dBISEvZ0FBIS9nQSEh/pw/Z7_AVEQAI930OBRD02JPMTPG21004/act/id=0/p=javax.servlet.include.path_info=QCPjspQCPbusquedaQCPBusquedaVIS_UOE.jsp/571421400262/-/, line 1980: unreachable code after return statement
